<?xml version="1.0" encoding="UTF-8"?>
<!-- Generated by org.testng.reporters.JUnitReportReporter -->
<testsuite hostname="LAPTOP-TBBC98B0" failures="0" tests="1" name="FirstTestNG.NewTest" time="2.549" errors="0" timestamp="2020-03-08T22:17:15 IST" skipped="0">
  <testcase classname="FirstTestNG.NewTest" name="f" time="2.549"/>
  <system-out/>
</testsuite> <!-- FirstTestNG.NewTest -->
