<?xml version="1.0" encoding="UTF-8"?>
<!-- Generated by org.testng.reporters.JUnitReportReporter -->
<testsuite hostname="LAPTOP-TBBC98B0" failures="0" tests="1" name="FirstTestNG.NewTest" time="22.176" errors="0" timestamp="2020-06-24T13:13:07 IST" skipped="0">
  <testcase classname="FirstTestNG.NewTest" name="f" time="22.176"/>
  <system-out/>
</testsuite> <!-- FirstTestNG.NewTest -->
