<?xml version="1.0" encoding="UTF-8"?>
<!-- Generated by org.testng.reporters.JUnitReportReporter -->
<testsuite hostname="LAPTOP-TBBC98B0" failures="0" tests="1" name="FirstTestNG.NewTest" time="2.061" errors="0" timestamp="9 Mar 2020 19:06:15 GMT">
  <testcase classname="FirstTestNG.NewTest" name="f" time="2.061"/>
</testsuite>
